<?xml version="1.0" encoding="UTF-8"?>
<testsuite name="com.bancolombia.soporte.finacle.screenplay.runners.Open_Account_Finacle" tests="0" skipped="0" failures="0" errors="0" timestamp="1970-01-01T00:00:00" hostname="SBMEDLAPBANYM5" time="0.0">
  <properties/>
  <system-out><![CDATA[]]></system-out>
  <system-err><![CDATA[[Test worker] INFO net.thucydides.core.steps.ConsoleLoggingListener - Test Suite Started: Open Account
]]></system-err>
</testsuite>
